2020-08-21 12:29:58,252 INFO     [django.utils.autoreload:612] Watching for file changes with StatReloader
2020-08-21 12:30:01,887 INFO     [django.utils.autoreload:236] C:\projects\mysite\config\settings.py changed, reloading.
2020-08-21 12:30:01,888 DEBUG    [asyncio:623] Using proactor: IocpProactor
2020-08-21 12:30:03,436 INFO     [django.utils.autoreload:612] Watching for file changes with StatReloader
2020-08-21 12:30:05,006 INFO     [django.utils.autoreload:236] C:\projects\mysite\config\settings.py changed, reloading.
2020-08-21 12:30:05,007 DEBUG    [asyncio:623] Using proactor: IocpProactor
2020-08-21 12:30:05,437 DEBUG    [asyncio:623] Using proactor: IocpProactor
2020-08-21 12:30:54,719 INFO     [django.utils.autoreload:612] Watching for file changes with StatReloader
2020-08-21 12:30:58,244 INFO     [django.utils.autoreload:236] C:\projects\mysite\config\settings.py changed, reloading.
2020-08-21 12:30:58,245 DEBUG    [asyncio:623] Using proactor: IocpProactor
2020-08-21 12:30:59,600 INFO     [django.utils.autoreload:612] Watching for file changes with StatReloader
2020-08-21 12:31:03,210 INFO     [django.utils.autoreload:236] C:\projects\mysite\config\settings.py changed, reloading.
2020-08-21 12:31:03,211 DEBUG    [asyncio:623] Using proactor: IocpProactor
2020-08-21 12:31:04,615 INFO     [django.utils.autoreload:612] Watching for file changes with StatReloader
2020-08-21 12:31:07,255 INFO     [django.utils.autoreload:236] C:\projects\mysite\config\settings.py changed, reloading.
2020-08-21 12:31:07,256 DEBUG    [asyncio:623] Using proactor: IocpProactor
2020-08-21 12:31:08,626 INFO     [django.utils.autoreload:612] Watching for file changes with StatReloader
2020-08-21 12:31:12,287 INFO     [django.utils.autoreload:236] C:\projects\mysite\config\settings.py changed, reloading.
2020-08-21 12:31:12,288 DEBUG    [asyncio:623] Using proactor: IocpProactor
2020-08-21 12:31:13,692 INFO     [django.utils.autoreload:612] Watching for file changes with StatReloader
2020-08-21 12:31:35,930 INFO     [django.utils.autoreload:236] C:\projects\mysite\config\settings.py changed, reloading.
2020-08-21 12:31:35,931 DEBUG    [asyncio:623] Using proactor: IocpProactor
2020-08-21 12:31:37,349 INFO     [django.utils.autoreload:612] Watching for file changes with StatReloader
2020-08-21 12:32:05,735 INFO     [django.utils.autoreload:236] C:\projects\mysite\config\settings.py changed, reloading.
2020-08-21 12:32:05,736 DEBUG    [asyncio:623] Using proactor: IocpProactor
2020-08-21 12:32:07,120 INFO     [django.utils.autoreload:612] Watching for file changes with StatReloader
2020-08-21 12:32:13,751 INFO     [django.utils.autoreload:236] C:\projects\mysite\config\settings.py changed, reloading.
2020-08-21 12:32:13,752 DEBUG    [asyncio:623] Using proactor: IocpProactor
2020-08-21 12:32:15,220 INFO     [django.utils.autoreload:612] Watching for file changes with StatReloader
2020-08-21 12:32:18,891 INFO     [django.utils.autoreload:236] C:\projects\mysite\config\settings.py changed, reloading.
2020-08-21 12:32:18,892 DEBUG    [asyncio:623] Using proactor: IocpProactor
2020-08-21 12:32:20,317 INFO     [django.utils.autoreload:612] Watching for file changes with StatReloader
2020-08-21 12:32:32,154 INFO     [django.utils.autoreload:236] C:\projects\mysite\config\settings.py changed, reloading.
2020-08-21 12:32:32,155 DEBUG    [asyncio:623] Using proactor: IocpProactor
2020-08-21 12:32:33,521 INFO     [django.utils.autoreload:612] Watching for file changes with StatReloader
2020-08-21 12:32:42,219 INFO     [django.utils.autoreload:236] C:\projects\mysite\config\settings.py changed, reloading.
2020-08-21 12:32:42,220 DEBUG    [asyncio:623] Using proactor: IocpProactor
2020-08-21 12:32:43,613 INFO     [django.utils.autoreload:612] Watching for file changes with StatReloader
2020-08-21 12:32:57,568 INFO     [django.utils.autoreload:236] C:\projects\mysite\config\settings.py changed, reloading.
2020-08-21 12:32:57,569 DEBUG    [asyncio:623] Using proactor: IocpProactor
2020-08-21 12:32:58,918 INFO     [django.utils.autoreload:612] Watching for file changes with StatReloader
2020-08-21 12:33:03,468 INFO     [django.utils.autoreload:236] C:\projects\mysite\config\settings.py changed, reloading.
2020-08-21 12:33:03,469 DEBUG    [asyncio:623] Using proactor: IocpProactor
2020-08-21 12:33:04,807 INFO     [django.utils.autoreload:612] Watching for file changes with StatReloader
2020-08-21 12:33:11,542 INFO     [django.utils.autoreload:236] C:\projects\mysite\config\settings.py changed, reloading.
2020-08-21 12:33:11,542 DEBUG    [asyncio:623] Using proactor: IocpProactor
2020-08-21 12:33:12,936 INFO     [django.utils.autoreload:612] Watching for file changes with StatReloader
2020-08-21 12:33:36,174 INFO     [django.utils.autoreload:236] C:\projects\mysite\config\settings.py changed, reloading.
2020-08-21 12:33:36,175 DEBUG    [asyncio:623] Using proactor: IocpProactor
2020-08-21 12:33:37,553 INFO     [django.utils.autoreload:612] Watching for file changes with StatReloader
2020-08-21 12:33:53,565 INFO     [django.utils.autoreload:236] C:\projects\mysite\config\settings.py changed, reloading.
2020-08-21 12:33:53,565 DEBUG    [asyncio:623] Using proactor: IocpProactor
2020-08-21 12:33:54,929 INFO     [django.utils.autoreload:612] Watching for file changes with StatReloader
2020-08-21 12:34:09,811 INFO     [django.utils.autoreload:236] C:\projects\mysite\config\settings.py changed, reloading.
2020-08-21 12:34:09,812 DEBUG    [asyncio:623] Using proactor: IocpProactor
2020-08-21 12:34:11,184 INFO     [django.utils.autoreload:612] Watching for file changes with StatReloader
2020-08-21 12:34:22,050 INFO     [django.utils.autoreload:236] C:\projects\mysite\config\settings.py changed, reloading.
2020-08-21 12:34:22,051 DEBUG    [asyncio:623] Using proactor: IocpProactor
2020-08-21 12:34:23,461 INFO     [django.utils.autoreload:612] Watching for file changes with StatReloader
2020-08-21 12:34:48,749 INFO     [django.utils.autoreload:236] C:\projects\mysite\config\settings.py changed, reloading.
2020-08-21 12:34:48,750 DEBUG    [asyncio:623] Using proactor: IocpProactor
2020-08-21 12:34:49,043 DEBUG    [asyncio:623] Using proactor: IocpProactor
2020-08-21 12:35:01,260 INFO     [django.utils.autoreload:612] Watching for file changes with StatReloader
2020-08-21 12:35:13,064 INFO     [django.utils.autoreload:236] C:\projects\mysite\config\settings.py changed, reloading.
2020-08-21 12:35:13,065 DEBUG    [asyncio:623] Using proactor: IocpProactor
2020-08-21 12:35:14,429 INFO     [django.utils.autoreload:612] Watching for file changes with StatReloader
2020-08-21 12:35:18,979 INFO     [django.utils.autoreload:236] C:\projects\mysite\config\settings.py changed, reloading.
2020-08-21 12:35:18,980 DEBUG    [asyncio:623] Using proactor: IocpProactor
2020-08-21 12:35:20,366 INFO     [django.utils.autoreload:612] Watching for file changes with StatReloader
2020-08-21 12:35:34,342 INFO     [django.utils.autoreload:236] C:\projects\mysite\config\settings.py changed, reloading.
2020-08-21 12:35:34,342 DEBUG    [asyncio:623] Using proactor: IocpProactor
2020-08-21 12:35:35,731 INFO     [django.utils.autoreload:612] Watching for file changes with StatReloader
2020-08-21 12:35:40,386 INFO     [django.utils.autoreload:236] C:\projects\mysite\pybo\views\base_views.py changed, reloading.
2020-08-21 12:35:40,386 DEBUG    [asyncio:623] Using proactor: IocpProactor
2020-08-21 12:35:41,798 INFO     [django.utils.autoreload:612] Watching for file changes with StatReloader
2020-08-21 12:35:45,341 INFO     [django.utils.autoreload:236] C:\projects\mysite\pybo\views\base_views.py changed, reloading.
2020-08-21 12:35:45,342 DEBUG    [asyncio:623] Using proactor: IocpProactor
2020-08-21 12:35:46,759 INFO     [django.utils.autoreload:612] Watching for file changes with StatReloader
2020-08-21 12:35:48,982 DEBUG    [MARKDOWN:125] Successfully loaded extension "markdown.extensions.nl2br.Nl2BrExtension".
2020-08-21 12:35:48,985 DEBUG    [MARKDOWN:125] Successfully loaded extension "markdown.extensions.fenced_code.FencedCodeExtension".
2020-08-21 12:35:48,992 DEBUG    [MARKDOWN:125] Successfully loaded extension "markdown.extensions.nl2br.Nl2BrExtension".
2020-08-21 12:35:48,992 DEBUG    [MARKDOWN:125] Successfully loaded extension "markdown.extensions.fenced_code.FencedCodeExtension".
2020-08-21 12:35:48,995 DEBUG    [MARKDOWN:125] Successfully loaded extension "markdown.extensions.nl2br.Nl2BrExtension".
2020-08-21 12:35:48,995 DEBUG    [MARKDOWN:125] Successfully loaded extension "markdown.extensions.fenced_code.FencedCodeExtension".
2020-08-21 12:35:48,998 DEBUG    [MARKDOWN:125] Successfully loaded extension "markdown.extensions.nl2br.Nl2BrExtension".
2020-08-21 12:35:48,998 DEBUG    [MARKDOWN:125] Successfully loaded extension "markdown.extensions.fenced_code.FencedCodeExtension".
2020-08-21 12:35:49,000 DEBUG    [MARKDOWN:125] Successfully loaded extension "markdown.extensions.nl2br.Nl2BrExtension".
2020-08-21 12:35:49,000 DEBUG    [MARKDOWN:125] Successfully loaded extension "markdown.extensions.fenced_code.FencedCodeExtension".
2020-08-21 12:35:49,003 DEBUG    [MARKDOWN:125] Successfully loaded extension "markdown.extensions.nl2br.Nl2BrExtension".
2020-08-21 12:35:49,003 DEBUG    [MARKDOWN:125] Successfully loaded extension "markdown.extensions.fenced_code.FencedCodeExtension".
2020-08-21 12:35:49,006 DEBUG    [MARKDOWN:125] Successfully loaded extension "markdown.extensions.nl2br.Nl2BrExtension".
2020-08-21 12:35:49,006 DEBUG    [MARKDOWN:125] Successfully loaded extension "markdown.extensions.fenced_code.FencedCodeExtension".
2020-08-21 12:35:49,009 DEBUG    [MARKDOWN:125] Successfully loaded extension "markdown.extensions.nl2br.Nl2BrExtension".
2020-08-21 12:35:49,009 DEBUG    [MARKDOWN:125] Successfully loaded extension "markdown.extensions.fenced_code.FencedCodeExtension".
2020-08-21 12:35:49,012 DEBUG    [MARKDOWN:125] Successfully loaded extension "markdown.extensions.nl2br.Nl2BrExtension".
2020-08-21 12:35:49,012 DEBUG    [MARKDOWN:125] Successfully loaded extension "markdown.extensions.fenced_code.FencedCodeExtension".
2020-08-21 12:35:49,014 DEBUG    [MARKDOWN:125] Successfully loaded extension "markdown.extensions.nl2br.Nl2BrExtension".
2020-08-21 12:35:49,014 DEBUG    [MARKDOWN:125] Successfully loaded extension "markdown.extensions.fenced_code.FencedCodeExtension".
2020-08-21 12:35:49,017 DEBUG    [MARKDOWN:125] Successfully loaded extension "markdown.extensions.nl2br.Nl2BrExtension".
2020-08-21 12:35:49,017 DEBUG    [MARKDOWN:125] Successfully loaded extension "markdown.extensions.fenced_code.FencedCodeExtension".
2020-08-21 12:35:49,019 DEBUG    [MARKDOWN:125] Successfully loaded extension "markdown.extensions.nl2br.Nl2BrExtension".
2020-08-21 12:35:49,020 DEBUG    [MARKDOWN:125] Successfully loaded extension "markdown.extensions.fenced_code.FencedCodeExtension".
2020-08-21 12:35:49,022 DEBUG    [MARKDOWN:125] Successfully loaded extension "markdown.extensions.nl2br.Nl2BrExtension".
2020-08-21 12:35:49,022 DEBUG    [MARKDOWN:125] Successfully loaded extension "markdown.extensions.fenced_code.FencedCodeExtension".
2020-08-21 12:35:49,025 DEBUG    [MARKDOWN:125] Successfully loaded extension "markdown.extensions.nl2br.Nl2BrExtension".
2020-08-21 12:35:49,025 DEBUG    [MARKDOWN:125] Successfully loaded extension "markdown.extensions.fenced_code.FencedCodeExtension".
2020-08-21 12:35:49,027 DEBUG    [MARKDOWN:125] Successfully loaded extension "markdown.extensions.nl2br.Nl2BrExtension".
2020-08-21 12:35:49,027 DEBUG    [MARKDOWN:125] Successfully loaded extension "markdown.extensions.fenced_code.FencedCodeExtension".
2020-08-21 12:35:49,030 DEBUG    [MARKDOWN:125] Successfully loaded extension "markdown.extensions.nl2br.Nl2BrExtension".
2020-08-21 12:35:49,030 DEBUG    [MARKDOWN:125] Successfully loaded extension "markdown.extensions.fenced_code.FencedCodeExtension".
2020-08-21 12:35:49,033 DEBUG    [MARKDOWN:125] Successfully loaded extension "markdown.extensions.nl2br.Nl2BrExtension".
2020-08-21 12:35:49,033 DEBUG    [MARKDOWN:125] Successfully loaded extension "markdown.extensions.fenced_code.FencedCodeExtension".
2020-08-21 12:35:49,035 DEBUG    [MARKDOWN:125] Successfully loaded extension "markdown.extensions.nl2br.Nl2BrExtension".
2020-08-21 12:35:49,035 DEBUG    [MARKDOWN:125] Successfully loaded extension "markdown.extensions.fenced_code.FencedCodeExtension".
2020-08-21 12:35:49,038 DEBUG    [MARKDOWN:125] Successfully loaded extension "markdown.extensions.nl2br.Nl2BrExtension".
2020-08-21 12:35:49,038 DEBUG    [MARKDOWN:125] Successfully loaded extension "markdown.extensions.fenced_code.FencedCodeExtension".
2020-08-21 12:35:49,041 DEBUG    [MARKDOWN:125] Successfully loaded extension "markdown.extensions.nl2br.Nl2BrExtension".
2020-08-21 12:35:49,041 DEBUG    [MARKDOWN:125] Successfully loaded extension "markdown.extensions.fenced_code.FencedCodeExtension".
2020-08-21 12:35:49,044 DEBUG    [MARKDOWN:125] Successfully loaded extension "markdown.extensions.nl2br.Nl2BrExtension".
2020-08-21 12:35:49,044 DEBUG    [MARKDOWN:125] Successfully loaded extension "markdown.extensions.fenced_code.FencedCodeExtension".
2020-08-21 12:35:49,047 DEBUG    [MARKDOWN:125] Successfully loaded extension "markdown.extensions.nl2br.Nl2BrExtension".
2020-08-21 12:35:49,047 DEBUG    [MARKDOWN:125] Successfully loaded extension "markdown.extensions.fenced_code.FencedCodeExtension".
2020-08-21 12:35:52,221 DEBUG    [MARKDOWN:125] Successfully loaded extension "markdown.extensions.nl2br.Nl2BrExtension".
2020-08-21 12:35:52,221 DEBUG    [MARKDOWN:125] Successfully loaded extension "markdown.extensions.fenced_code.FencedCodeExtension".
2020-08-21 12:35:52,228 DEBUG    [MARKDOWN:125] Successfully loaded extension "markdown.extensions.nl2br.Nl2BrExtension".
2020-08-21 12:35:52,228 DEBUG    [MARKDOWN:125] Successfully loaded extension "markdown.extensions.fenced_code.FencedCodeExtension".
2020-08-21 12:35:52,232 DEBUG    [MARKDOWN:125] Successfully loaded extension "markdown.extensions.nl2br.Nl2BrExtension".
2020-08-21 12:35:52,232 DEBUG    [MARKDOWN:125] Successfully loaded extension "markdown.extensions.fenced_code.FencedCodeExtension".
2020-08-21 12:35:52,234 DEBUG    [MARKDOWN:125] Successfully loaded extension "markdown.extensions.nl2br.Nl2BrExtension".
2020-08-21 12:35:52,235 DEBUG    [MARKDOWN:125] Successfully loaded extension "markdown.extensions.fenced_code.FencedCodeExtension".
2020-08-21 12:35:52,238 DEBUG    [MARKDOWN:125] Successfully loaded extension "markdown.extensions.nl2br.Nl2BrExtension".
2020-08-21 12:35:52,238 DEBUG    [MARKDOWN:125] Successfully loaded extension "markdown.extensions.fenced_code.FencedCodeExtension".
2020-08-21 12:35:52,241 DEBUG    [MARKDOWN:125] Successfully loaded extension "markdown.extensions.nl2br.Nl2BrExtension".
2020-08-21 12:35:52,241 DEBUG    [MARKDOWN:125] Successfully loaded extension "markdown.extensions.fenced_code.FencedCodeExtension".
2020-08-21 12:35:52,244 DEBUG    [MARKDOWN:125] Successfully loaded extension "markdown.extensions.nl2br.Nl2BrExtension".
2020-08-21 12:35:52,244 DEBUG    [MARKDOWN:125] Successfully loaded extension "markdown.extensions.fenced_code.FencedCodeExtension".
2020-08-21 12:35:52,246 DEBUG    [MARKDOWN:125] Successfully loaded extension "markdown.extensions.nl2br.Nl2BrExtension".
2020-08-21 12:35:52,246 DEBUG    [MARKDOWN:125] Successfully loaded extension "markdown.extensions.fenced_code.FencedCodeExtension".
2020-08-21 12:35:52,249 DEBUG    [MARKDOWN:125] Successfully loaded extension "markdown.extensions.nl2br.Nl2BrExtension".
2020-08-21 12:35:52,249 DEBUG    [MARKDOWN:125] Successfully loaded extension "markdown.extensions.fenced_code.FencedCodeExtension".
2020-08-21 12:35:52,252 DEBUG    [MARKDOWN:125] Successfully loaded extension "markdown.extensions.nl2br.Nl2BrExtension".
2020-08-21 12:35:52,252 DEBUG    [MARKDOWN:125] Successfully loaded extension "markdown.extensions.fenced_code.FencedCodeExtension".
2020-08-21 12:35:52,254 DEBUG    [MARKDOWN:125] Successfully loaded extension "markdown.extensions.nl2br.Nl2BrExtension".
2020-08-21 12:35:52,254 DEBUG    [MARKDOWN:125] Successfully loaded extension "markdown.extensions.fenced_code.FencedCodeExtension".
2020-08-21 12:35:52,257 DEBUG    [MARKDOWN:125] Successfully loaded extension "markdown.extensions.nl2br.Nl2BrExtension".
2020-08-21 12:35:52,257 DEBUG    [MARKDOWN:125] Successfully loaded extension "markdown.extensions.fenced_code.FencedCodeExtension".
2020-08-21 12:35:52,260 DEBUG    [MARKDOWN:125] Successfully loaded extension "markdown.extensions.nl2br.Nl2BrExtension".
2020-08-21 12:35:52,260 DEBUG    [MARKDOWN:125] Successfully loaded extension "markdown.extensions.fenced_code.FencedCodeExtension".
2020-08-21 12:35:52,262 DEBUG    [MARKDOWN:125] Successfully loaded extension "markdown.extensions.nl2br.Nl2BrExtension".
2020-08-21 12:35:52,262 DEBUG    [MARKDOWN:125] Successfully loaded extension "markdown.extensions.fenced_code.FencedCodeExtension".
2020-08-21 12:35:52,265 DEBUG    [MARKDOWN:125] Successfully loaded extension "markdown.extensions.nl2br.Nl2BrExtension".
2020-08-21 12:35:52,265 DEBUG    [MARKDOWN:125] Successfully loaded extension "markdown.extensions.fenced_code.FencedCodeExtension".
2020-08-21 12:35:52,268 DEBUG    [MARKDOWN:125] Successfully loaded extension "markdown.extensions.nl2br.Nl2BrExtension".
2020-08-21 12:35:52,268 DEBUG    [MARKDOWN:125] Successfully loaded extension "markdown.extensions.fenced_code.FencedCodeExtension".
2020-08-21 12:35:52,270 DEBUG    [MARKDOWN:125] Successfully loaded extension "markdown.extensions.nl2br.Nl2BrExtension".
2020-08-21 12:35:52,270 DEBUG    [MARKDOWN:125] Successfully loaded extension "markdown.extensions.fenced_code.FencedCodeExtension".
2020-08-21 12:35:52,273 DEBUG    [MARKDOWN:125] Successfully loaded extension "markdown.extensions.nl2br.Nl2BrExtension".
2020-08-21 12:35:52,273 DEBUG    [MARKDOWN:125] Successfully loaded extension "markdown.extensions.fenced_code.FencedCodeExtension".
2020-08-21 12:35:52,276 DEBUG    [MARKDOWN:125] Successfully loaded extension "markdown.extensions.nl2br.Nl2BrExtension".
2020-08-21 12:35:52,276 DEBUG    [MARKDOWN:125] Successfully loaded extension "markdown.extensions.fenced_code.FencedCodeExtension".
2020-08-21 12:35:52,279 DEBUG    [MARKDOWN:125] Successfully loaded extension "markdown.extensions.nl2br.Nl2BrExtension".
2020-08-21 12:35:52,279 DEBUG    [MARKDOWN:125] Successfully loaded extension "markdown.extensions.fenced_code.FencedCodeExtension".
2020-08-21 12:35:52,282 DEBUG    [MARKDOWN:125] Successfully loaded extension "markdown.extensions.nl2br.Nl2BrExtension".
2020-08-21 12:35:52,282 DEBUG    [MARKDOWN:125] Successfully loaded extension "markdown.extensions.fenced_code.FencedCodeExtension".
2020-08-21 12:35:52,284 DEBUG    [MARKDOWN:125] Successfully loaded extension "markdown.extensions.nl2br.Nl2BrExtension".
2020-08-21 12:35:52,285 DEBUG    [MARKDOWN:125] Successfully loaded extension "markdown.extensions.fenced_code.FencedCodeExtension".
2020-08-21 12:35:52,426 INFO     [django.utils.autoreload:236] C:\projects\mysite\config\settings.py changed, reloading.
2020-08-21 12:35:52,426 DEBUG    [asyncio:623] Using proactor: IocpProactor
2020-08-21 12:35:53,873 INFO     [django.utils.autoreload:612] Watching for file changes with StatReloader
2020-08-21 12:35:56,122 DEBUG    [MARKDOWN:125] Successfully loaded extension "markdown.extensions.nl2br.Nl2BrExtension".
2020-08-21 12:35:56,124 DEBUG    [MARKDOWN:125] Successfully loaded extension "markdown.extensions.fenced_code.FencedCodeExtension".
2020-08-21 12:35:56,133 DEBUG    [MARKDOWN:125] Successfully loaded extension "markdown.extensions.nl2br.Nl2BrExtension".
2020-08-21 12:35:56,133 DEBUG    [MARKDOWN:125] Successfully loaded extension "markdown.extensions.fenced_code.FencedCodeExtension".
2020-08-21 12:35:56,138 DEBUG    [MARKDOWN:125] Successfully loaded extension "markdown.extensions.nl2br.Nl2BrExtension".
2020-08-21 12:35:56,138 DEBUG    [MARKDOWN:125] Successfully loaded extension "markdown.extensions.fenced_code.FencedCodeExtension".
2020-08-21 12:35:56,141 DEBUG    [MARKDOWN:125] Successfully loaded extension "markdown.extensions.nl2br.Nl2BrExtension".
2020-08-21 12:35:56,141 DEBUG    [MARKDOWN:125] Successfully loaded extension "markdown.extensions.fenced_code.FencedCodeExtension".
2020-08-21 12:35:56,144 DEBUG    [MARKDOWN:125] Successfully loaded extension "markdown.extensions.nl2br.Nl2BrExtension".
2020-08-21 12:35:56,145 DEBUG    [MARKDOWN:125] Successfully loaded extension "markdown.extensions.fenced_code.FencedCodeExtension".
2020-08-21 12:35:56,148 DEBUG    [MARKDOWN:125] Successfully loaded extension "markdown.extensions.nl2br.Nl2BrExtension".
2020-08-21 12:35:56,148 DEBUG    [MARKDOWN:125] Successfully loaded extension "markdown.extensions.fenced_code.FencedCodeExtension".
2020-08-21 12:35:56,151 DEBUG    [MARKDOWN:125] Successfully loaded extension "markdown.extensions.nl2br.Nl2BrExtension".
2020-08-21 12:35:56,151 DEBUG    [MARKDOWN:125] Successfully loaded extension "markdown.extensions.fenced_code.FencedCodeExtension".
2020-08-21 12:35:56,154 DEBUG    [MARKDOWN:125] Successfully loaded extension "markdown.extensions.nl2br.Nl2BrExtension".
2020-08-21 12:35:56,154 DEBUG    [MARKDOWN:125] Successfully loaded extension "markdown.extensions.fenced_code.FencedCodeExtension".
2020-08-21 12:35:56,158 DEBUG    [MARKDOWN:125] Successfully loaded extension "markdown.extensions.nl2br.Nl2BrExtension".
2020-08-21 12:35:56,158 DEBUG    [MARKDOWN:125] Successfully loaded extension "markdown.extensions.fenced_code.FencedCodeExtension".
2020-08-21 12:35:56,161 DEBUG    [MARKDOWN:125] Successfully loaded extension "markdown.extensions.nl2br.Nl2BrExtension".
2020-08-21 12:35:56,161 DEBUG    [MARKDOWN:125] Successfully loaded extension "markdown.extensions.fenced_code.FencedCodeExtension".
2020-08-21 12:35:56,164 DEBUG    [MARKDOWN:125] Successfully loaded extension "markdown.extensions.nl2br.Nl2BrExtension".
2020-08-21 12:35:56,164 DEBUG    [MARKDOWN:125] Successfully loaded extension "markdown.extensions.fenced_code.FencedCodeExtension".
2020-08-21 12:35:56,166 DEBUG    [MARKDOWN:125] Successfully loaded extension "markdown.extensions.nl2br.Nl2BrExtension".
2020-08-21 12:35:56,167 DEBUG    [MARKDOWN:125] Successfully loaded extension "markdown.extensions.fenced_code.FencedCodeExtension".
2020-08-21 12:35:56,169 DEBUG    [MARKDOWN:125] Successfully loaded extension "markdown.extensions.nl2br.Nl2BrExtension".
2020-08-21 12:35:56,169 DEBUG    [MARKDOWN:125] Successfully loaded extension "markdown.extensions.fenced_code.FencedCodeExtension".
2020-08-21 12:35:56,172 DEBUG    [MARKDOWN:125] Successfully loaded extension "markdown.extensions.nl2br.Nl2BrExtension".
2020-08-21 12:35:56,172 DEBUG    [MARKDOWN:125] Successfully loaded extension "markdown.extensions.fenced_code.FencedCodeExtension".
2020-08-21 12:35:56,175 DEBUG    [MARKDOWN:125] Successfully loaded extension "markdown.extensions.nl2br.Nl2BrExtension".
2020-08-21 12:35:56,175 DEBUG    [MARKDOWN:125] Successfully loaded extension "markdown.extensions.fenced_code.FencedCodeExtension".
2020-08-21 12:35:56,178 DEBUG    [MARKDOWN:125] Successfully loaded extension "markdown.extensions.nl2br.Nl2BrExtension".
2020-08-21 12:35:56,178 DEBUG    [MARKDOWN:125] Successfully loaded extension "markdown.extensions.fenced_code.FencedCodeExtension".
2020-08-21 12:35:56,181 DEBUG    [MARKDOWN:125] Successfully loaded extension "markdown.extensions.nl2br.Nl2BrExtension".
2020-08-21 12:35:56,181 DEBUG    [MARKDOWN:125] Successfully loaded extension "markdown.extensions.fenced_code.FencedCodeExtension".
2020-08-21 12:35:56,184 DEBUG    [MARKDOWN:125] Successfully loaded extension "markdown.extensions.nl2br.Nl2BrExtension".
2020-08-21 12:35:56,184 DEBUG    [MARKDOWN:125] Successfully loaded extension "markdown.extensions.fenced_code.FencedCodeExtension".
2020-08-21 12:35:56,187 DEBUG    [MARKDOWN:125] Successfully loaded extension "markdown.extensions.nl2br.Nl2BrExtension".
2020-08-21 12:35:56,187 DEBUG    [MARKDOWN:125] Successfully loaded extension "markdown.extensions.fenced_code.FencedCodeExtension".
2020-08-21 12:35:56,190 DEBUG    [MARKDOWN:125] Successfully loaded extension "markdown.extensions.nl2br.Nl2BrExtension".
2020-08-21 12:35:56,190 DEBUG    [MARKDOWN:125] Successfully loaded extension "markdown.extensions.fenced_code.FencedCodeExtension".
2020-08-21 12:35:56,192 DEBUG    [MARKDOWN:125] Successfully loaded extension "markdown.extensions.nl2br.Nl2BrExtension".
2020-08-21 12:35:56,192 DEBUG    [MARKDOWN:125] Successfully loaded extension "markdown.extensions.fenced_code.FencedCodeExtension".
2020-08-21 12:35:56,195 DEBUG    [MARKDOWN:125] Successfully loaded extension "markdown.extensions.nl2br.Nl2BrExtension".
2020-08-21 12:35:56,195 DEBUG    [MARKDOWN:125] Successfully loaded extension "markdown.extensions.fenced_code.FencedCodeExtension".
2020-08-21 12:35:56,503 INFO     [django.utils.autoreload:236] C:\projects\mysite\pybo\views\base_views.py changed, reloading.
2020-08-21 12:35:56,504 DEBUG    [asyncio:623] Using proactor: IocpProactor
2020-08-21 12:35:57,924 INFO     [django.utils.autoreload:612] Watching for file changes with StatReloader
2020-08-21 12:35:59,932 DEBUG    [MARKDOWN:125] Successfully loaded extension "markdown.extensions.nl2br.Nl2BrExtension".
2020-08-21 12:35:59,934 DEBUG    [MARKDOWN:125] Successfully loaded extension "markdown.extensions.fenced_code.FencedCodeExtension".
2020-08-21 12:35:59,942 DEBUG    [MARKDOWN:125] Successfully loaded extension "markdown.extensions.nl2br.Nl2BrExtension".
2020-08-21 12:35:59,942 DEBUG    [MARKDOWN:125] Successfully loaded extension "markdown.extensions.fenced_code.FencedCodeExtension".
2020-08-21 12:35:59,946 DEBUG    [MARKDOWN:125] Successfully loaded extension "markdown.extensions.nl2br.Nl2BrExtension".
2020-08-21 12:35:59,946 DEBUG    [MARKDOWN:125] Successfully loaded extension "markdown.extensions.fenced_code.FencedCodeExtension".
2020-08-21 12:35:59,948 DEBUG    [MARKDOWN:125] Successfully loaded extension "markdown.extensions.nl2br.Nl2BrExtension".
2020-08-21 12:35:59,949 DEBUG    [MARKDOWN:125] Successfully loaded extension "markdown.extensions.fenced_code.FencedCodeExtension".
2020-08-21 12:35:59,951 DEBUG    [MARKDOWN:125] Successfully loaded extension "markdown.extensions.nl2br.Nl2BrExtension".
2020-08-21 12:35:59,952 DEBUG    [MARKDOWN:125] Successfully loaded extension "markdown.extensions.fenced_code.FencedCodeExtension".
2020-08-21 12:35:59,955 DEBUG    [MARKDOWN:125] Successfully loaded extension "markdown.extensions.nl2br.Nl2BrExtension".
2020-08-21 12:35:59,955 DEBUG    [MARKDOWN:125] Successfully loaded extension "markdown.extensions.fenced_code.FencedCodeExtension".
2020-08-21 12:35:59,958 DEBUG    [MARKDOWN:125] Successfully loaded extension "markdown.extensions.nl2br.Nl2BrExtension".
2020-08-21 12:35:59,958 DEBUG    [MARKDOWN:125] Successfully loaded extension "markdown.extensions.fenced_code.FencedCodeExtension".
2020-08-21 12:35:59,961 DEBUG    [MARKDOWN:125] Successfully loaded extension "markdown.extensions.nl2br.Nl2BrExtension".
2020-08-21 12:35:59,961 DEBUG    [MARKDOWN:125] Successfully loaded extension "markdown.extensions.fenced_code.FencedCodeExtension".
2020-08-21 12:35:59,964 DEBUG    [MARKDOWN:125] Successfully loaded extension "markdown.extensions.nl2br.Nl2BrExtension".
2020-08-21 12:35:59,965 DEBUG    [MARKDOWN:125] Successfully loaded extension "markdown.extensions.fenced_code.FencedCodeExtension".
2020-08-21 12:35:59,967 DEBUG    [MARKDOWN:125] Successfully loaded extension "markdown.extensions.nl2br.Nl2BrExtension".
2020-08-21 12:35:59,967 DEBUG    [MARKDOWN:125] Successfully loaded extension "markdown.extensions.fenced_code.FencedCodeExtension".
2020-08-21 12:35:59,970 DEBUG    [MARKDOWN:125] Successfully loaded extension "markdown.extensions.nl2br.Nl2BrExtension".
2020-08-21 12:35:59,970 DEBUG    [MARKDOWN:125] Successfully loaded extension "markdown.extensions.fenced_code.FencedCodeExtension".
2020-08-21 12:35:59,974 DEBUG    [MARKDOWN:125] Successfully loaded extension "markdown.extensions.nl2br.Nl2BrExtension".
2020-08-21 12:35:59,974 DEBUG    [MARKDOWN:125] Successfully loaded extension "markdown.extensions.fenced_code.FencedCodeExtension".
2020-08-21 12:35:59,976 DEBUG    [MARKDOWN:125] Successfully loaded extension "markdown.extensions.nl2br.Nl2BrExtension".
2020-08-21 12:35:59,977 DEBUG    [MARKDOWN:125] Successfully loaded extension "markdown.extensions.fenced_code.FencedCodeExtension".
2020-08-21 12:35:59,979 DEBUG    [MARKDOWN:125] Successfully loaded extension "markdown.extensions.nl2br.Nl2BrExtension".
2020-08-21 12:35:59,979 DEBUG    [MARKDOWN:125] Successfully loaded extension "markdown.extensions.fenced_code.FencedCodeExtension".
2020-08-21 12:35:59,982 DEBUG    [MARKDOWN:125] Successfully loaded extension "markdown.extensions.nl2br.Nl2BrExtension".
2020-08-21 12:35:59,982 DEBUG    [MARKDOWN:125] Successfully loaded extension "markdown.extensions.fenced_code.FencedCodeExtension".
2020-08-21 12:35:59,985 DEBUG    [MARKDOWN:125] Successfully loaded extension "markdown.extensions.nl2br.Nl2BrExtension".
2020-08-21 12:35:59,985 DEBUG    [MARKDOWN:125] Successfully loaded extension "markdown.extensions.fenced_code.FencedCodeExtension".
2020-08-21 12:35:59,988 DEBUG    [MARKDOWN:125] Successfully loaded extension "markdown.extensions.nl2br.Nl2BrExtension".
2020-08-21 12:35:59,988 DEBUG    [MARKDOWN:125] Successfully loaded extension "markdown.extensions.fenced_code.FencedCodeExtension".
2020-08-21 12:35:59,991 DEBUG    [MARKDOWN:125] Successfully loaded extension "markdown.extensions.nl2br.Nl2BrExtension".
2020-08-21 12:35:59,991 DEBUG    [MARKDOWN:125] Successfully loaded extension "markdown.extensions.fenced_code.FencedCodeExtension".
2020-08-21 12:35:59,994 DEBUG    [MARKDOWN:125] Successfully loaded extension "markdown.extensions.nl2br.Nl2BrExtension".
2020-08-21 12:35:59,995 DEBUG    [MARKDOWN:125] Successfully loaded extension "markdown.extensions.fenced_code.FencedCodeExtension".
2020-08-21 12:35:59,999 DEBUG    [MARKDOWN:125] Successfully loaded extension "markdown.extensions.nl2br.Nl2BrExtension".
2020-08-21 12:35:59,999 DEBUG    [MARKDOWN:125] Successfully loaded extension "markdown.extensions.fenced_code.FencedCodeExtension".
2020-08-21 12:36:00,003 DEBUG    [MARKDOWN:125] Successfully loaded extension "markdown.extensions.nl2br.Nl2BrExtension".
2020-08-21 12:36:00,003 DEBUG    [MARKDOWN:125] Successfully loaded extension "markdown.extensions.fenced_code.FencedCodeExtension".
2020-08-21 12:36:00,006 DEBUG    [MARKDOWN:125] Successfully loaded extension "markdown.extensions.nl2br.Nl2BrExtension".
2020-08-21 12:36:00,007 DEBUG    [MARKDOWN:125] Successfully loaded extension "markdown.extensions.fenced_code.FencedCodeExtension".
2020-08-21 12:36:00,524 INFO     [django.utils.autoreload:236] C:\projects\mysite\pybo\views\base_views.py changed, reloading.
2020-08-21 12:36:00,525 DEBUG    [asyncio:623] Using proactor: IocpProactor
2020-08-21 12:36:02,072 INFO     [django.utils.autoreload:612] Watching for file changes with StatReloader
2020-08-21 12:36:08,807 INFO     [django.utils.autoreload:236] C:\projects\mysite\pybo\views\base_views.py changed, reloading.
2020-08-21 12:36:08,808 DEBUG    [asyncio:623] Using proactor: IocpProactor
2020-08-21 12:36:10,254 INFO     [django.utils.autoreload:612] Watching for file changes with StatReloader
2020-08-21 12:36:15,921 INFO     [django.utils.autoreload:236] C:\projects\mysite\pybo\views\base_views.py changed, reloading.
2020-08-21 12:36:15,922 DEBUG    [asyncio:623] Using proactor: IocpProactor
2020-08-21 12:36:17,359 INFO     [django.utils.autoreload:612] Watching for file changes with StatReloader
2020-08-21 12:36:22,019 INFO     [django.utils.autoreload:236] C:\projects\mysite\pybo\views\base_views.py changed, reloading.
2020-08-21 12:36:22,020 DEBUG    [asyncio:623] Using proactor: IocpProactor
2020-08-21 12:36:23,422 INFO     [django.utils.autoreload:612] Watching for file changes with StatReloader
2020-08-21 12:36:27,880 ERROR    [django.request:224] Internal Server Error: /pybo/
Traceback (most recent call last):
  File "C:\venvs\mysite\lib\site-packages\django\core\handlers\exception.py", line 47, in inner
    response = get_response(request)
  File "C:\venvs\mysite\lib\site-packages\django\core\handlers\base.py", line 179, in _get_response
    response = wrapped_callback(request, *callback_args, **callback_kwargs)
  File "C:\projects\mysite\pybo\views\base_views.py", line 65, in index
    page_obj = paginator.get_page(page)
NameError: name 'page' is not defined
2020-08-21 12:36:28,088 INFO     [django.utils.autoreload:236] C:\projects\mysite\config\settings.py changed, reloading.
2020-08-21 12:36:28,088 DEBUG    [asyncio:623] Using proactor: IocpProactor
2020-08-21 12:36:29,536 INFO     [django.utils.autoreload:612] Watching for file changes with StatReloader
2020-08-21 12:36:32,116 INFO     [django.utils.autoreload:236] C:\projects\mysite\config\settings.py changed, reloading.
2020-08-21 12:36:32,117 DEBUG    [asyncio:623] Using proactor: IocpProactor
2020-08-21 12:36:33,524 INFO     [django.utils.autoreload:612] Watching for file changes with StatReloader
2020-08-21 12:36:36,086 INFO     [django.utils.autoreload:236] C:\projects\mysite\pybo\views\base_views.py changed, reloading.
2020-08-21 12:36:36,087 DEBUG    [asyncio:623] Using proactor: IocpProactor
2020-08-21 12:36:37,484 INFO     [django.utils.autoreload:612] Watching for file changes with StatReloader
2020-08-21 12:36:40,097 INFO     [django.utils.autoreload:236] C:\projects\mysite\pybo\views\base_views.py changed, reloading.
2020-08-21 12:36:40,099 DEBUG    [asyncio:623] Using proactor: IocpProactor
2020-08-21 12:36:41,489 INFO     [django.utils.autoreload:612] Watching for file changes with StatReloader
2020-08-21 12:36:46,138 INFO     [django.utils.autoreload:236] C:\projects\mysite\config\settings.py changed, reloading.
2020-08-21 12:36:46,139 DEBUG    [asyncio:623] Using proactor: IocpProactor
2020-08-21 12:36:47,570 INFO     [django.utils.autoreload:612] Watching for file changes with StatReloader
2020-08-21 12:36:50,227 ERROR    [django.request:224] Internal Server Error: /pybo/
Traceback (most recent call last):
  File "C:\venvs\mysite\lib\site-packages\django\core\handlers\exception.py", line 47, in inner
    response = get_response(request)
  File "C:\venvs\mysite\lib\site-packages\django\core\handlers\base.py", line 179, in _get_response
    response = wrapped_callback(request, *callback_args, **callback_kwargs)
  File "C:\projects\mysite\pybo\views\base_views.py", line 65, in index
    page_obj = paginator.get_page(page)
NameError: name 'page' is not defined
2020-08-21 12:36:51,185 INFO     [django.utils.autoreload:236] C:\projects\mysite\pybo\views\base_views.py changed, reloading.
2020-08-21 12:36:51,186 DEBUG    [asyncio:623] Using proactor: IocpProactor
2020-08-21 12:36:52,641 INFO     [django.utils.autoreload:612] Watching for file changes with StatReloader
2020-08-21 12:36:54,709 ERROR    [django.request:224] Internal Server Error: /pybo/
Traceback (most recent call last):
  File "C:\venvs\mysite\lib\site-packages\django\core\handlers\exception.py", line 47, in inner
    response = get_response(request)
  File "C:\venvs\mysite\lib\site-packages\django\core\handlers\base.py", line 179, in _get_response
    response = wrapped_callback(request, *callback_args, **callback_kwargs)
  File "C:\projects\mysite\pybo\views\base_views.py", line 65, in index
    page_obj = paginator.get_page(page)
NameError: name 'page' is not defined
2020-08-21 12:36:55,219 INFO     [django.utils.autoreload:236] C:\projects\mysite\pybo\views\base_views.py changed, reloading.
2020-08-21 12:36:55,220 DEBUG    [asyncio:623] Using proactor: IocpProactor
2020-08-21 12:36:56,612 INFO     [django.utils.autoreload:612] Watching for file changes with StatReloader
2020-08-21 12:37:01,238 INFO     [django.utils.autoreload:236] C:\projects\mysite\config\settings.py changed, reloading.
2020-08-21 12:37:01,239 DEBUG    [asyncio:623] Using proactor: IocpProactor
2020-08-21 12:37:02,677 INFO     [django.utils.autoreload:612] Watching for file changes with StatReloader
2020-08-21 12:37:04,903 ERROR    [django.request:224] Internal Server Error: /pybo/
Traceback (most recent call last):
  File "C:\venvs\mysite\lib\site-packages\django\core\handlers\exception.py", line 47, in inner
    response = get_response(request)
  File "C:\venvs\mysite\lib\site-packages\django\core\handlers\base.py", line 179, in _get_response
    response = wrapped_callback(request, *callback_args, **callback_kwargs)
  File "C:\projects\mysite\pybo\views\base_views.py", line 69, in index
    return resnder(request,'pybo/question_list.html',context)
NameError: name 'resnder' is not defined
2020-08-21 12:37:05,268 INFO     [django.utils.autoreload:236] C:\projects\mysite\pybo\views\base_views.py changed, reloading.
2020-08-21 12:37:05,268 DEBUG    [asyncio:623] Using proactor: IocpProactor
2020-08-21 12:37:06,685 INFO     [django.utils.autoreload:612] Watching for file changes with StatReloader
2020-08-21 12:37:09,486 ERROR    [django.request:224] Internal Server Error: /pybo/
Traceback (most recent call last):
  File "C:\venvs\mysite\lib\site-packages\django\core\handlers\exception.py", line 47, in inner
    response = get_response(request)
  File "C:\venvs\mysite\lib\site-packages\django\core\handlers\base.py", line 179, in _get_response
    response = wrapped_callback(request, *callback_args, **callback_kwargs)
  File "C:\projects\mysite\pybo\views\base_views.py", line 69, in index
    return render(request,'pybo/question_list.html',context)
NameError: name 'resnder' is not defined
2020-08-21 12:37:10,328 INFO     [django.utils.autoreload:236] C:\projects\mysite\config\settings.py changed, reloading.
2020-08-21 12:37:10,328 DEBUG    [asyncio:623] Using proactor: IocpProactor
2020-08-21 12:37:11,790 INFO     [django.utils.autoreload:612] Watching for file changes with StatReloader
2020-08-21 12:37:12,382 ERROR    [django.request:224] Internal Server Error: /pybo/
Traceback (most recent call last):
  File "C:\venvs\mysite\lib\site-packages\django\core\handlers\exception.py", line 47, in inner
    response = get_response(request)
  File "C:\venvs\mysite\lib\site-packages\django\core\handlers\base.py", line 179, in _get_response
    response = wrapped_callback(request, *callback_args, **callback_kwargs)
  File "C:\projects\mysite\pybo\views\base_views.py", line 69, in index
    return render(request,'pybo/question_list.html',contessxt)
NameError: name 'contessxt' is not defined
2020-08-21 12:37:16,481 ERROR    [django.request:224] Internal Server Error: /pybo/
Traceback (most recent call last):
  File "C:\venvs\mysite\lib\site-packages\django\core\handlers\exception.py", line 47, in inner
    response = get_response(request)
  File "C:\venvs\mysite\lib\site-packages\django\core\handlers\base.py", line 179, in _get_response
    response = wrapped_callback(request, *callback_args, **callback_kwargs)
  File "C:\projects\mysite\pybo\views\base_views.py", line 69, in index
    return render(request,'pybo/question_list.html',context
NameError: name 'contessxt' is not defined
2020-08-21 12:37:17,408 INFO     [django.utils.autoreload:236] C:\projects\mysite\pybo\views\base_views.py changed, reloading.
2020-08-21 12:37:17,409 DEBUG    [asyncio:623] Using proactor: IocpProactor
2020-08-21 12:37:18,810 INFO     [django.utils.autoreload:612] Watching for file changes with StatReloader
2020-08-21 12:37:24,050 INFO     [django.utils.autoreload:236] C:\projects\mysite\pybo\views\base_views.py changed, reloading.
2020-08-21 12:37:24,051 DEBUG    [asyncio:623] Using proactor: IocpProactor
2020-08-21 12:37:25,424 INFO     [django.utils.autoreload:612] Watching for file changes with StatReloader
2020-08-21 12:37:28,634 INFO     [django.utils.autoreload:236] C:\projects\mysite\config\settings.py changed, reloading.
2020-08-21 12:37:28,635 DEBUG    [asyncio:623] Using proactor: IocpProactor
2020-08-21 12:37:29,982 INFO     [django.utils.autoreload:612] Watching for file changes with StatReloader
2020-08-21 12:37:34,197 INFO     [django.utils.autoreload:236] C:\projects\mysite\pybo\views\base_views.py changed, reloading.
2020-08-21 12:37:34,198 DEBUG    [asyncio:623] Using proactor: IocpProactor
2020-08-21 12:37:35,585 INFO     [django.utils.autoreload:612] Watching for file changes with StatReloader
2020-08-21 12:38:45,418 DEBUG    [asyncio:623] Using proactor: IocpProactor
2020-08-21 12:38:45,464 DEBUG    [asyncio:623] Using proactor: IocpProactor
2020-08-21 14:49:48,894 INFO     [django.utils.autoreload:612] Watching for file changes with StatReloader
2020-08-21 14:49:51,190 INFO     [django.utils.autoreload:236] C:\projects\mysite\config\urls.py changed, reloading.
2020-08-21 14:49:51,191 DEBUG    [asyncio:623] Using proactor: IocpProactor
2020-08-21 14:49:52,595 INFO     [django.utils.autoreload:612] Watching for file changes with StatReloader
2020-08-21 14:49:59,123 INFO     [django.utils.autoreload:236] C:\projects\mysite\config\urls.py changed, reloading.
2020-08-21 14:49:59,124 DEBUG    [asyncio:623] Using proactor: IocpProactor
2020-08-21 14:50:00,568 INFO     [django.utils.autoreload:612] Watching for file changes with StatReloader
2020-08-21 14:51:34,169 DEBUG    [asyncio:623] Using proactor: IocpProactor
2020-08-21 14:51:34,215 DEBUG    [asyncio:623] Using proactor: IocpProactor
2020-08-21 15:30:16,308 INFO     [django.utils.autoreload:612] Watching for file changes with StatReloader
2020-08-21 15:30:22,312 ERROR    [django.security.DisallowedHost:88] Invalid HTTP_HOST header: '127.0.0.1:8000'. You may need to add '127.0.0.1' to ALLOWED_HOSTS.
2020-08-21 15:30:22,959 ERROR    [django.security.DisallowedHost:88] Invalid HTTP_HOST header: '127.0.0.1:8000'. You may need to add '127.0.0.1' to ALLOWED_HOSTS.
2020-08-21 15:37:40,815 DEBUG    [asyncio:623] Using proactor: IocpProactor
2020-08-21 15:37:40,879 DEBUG    [asyncio:623] Using proactor: IocpProactor
2020-08-21 15:42:31,254 INFO     [django.utils.autoreload:612] Watching for file changes with StatReloader
2020-08-21 15:42:44,941 INFO     [django.utils.autoreload:236] C:\projects\mysite\config\settings.py changed, reloading.
2020-08-21 15:42:44,941 DEBUG    [asyncio:623] Using proactor: IocpProactor
2020-08-21 15:42:46,335 INFO     [django.utils.autoreload:612] Watching for file changes with StatReloader
2020-08-21 15:43:00,054 INFO     [django.utils.autoreload:236] C:\projects\mysite\config\settings.py changed, reloading.
2020-08-21 15:43:00,055 DEBUG    [asyncio:623] Using proactor: IocpProactor
2020-08-21 15:43:01,494 INFO     [django.utils.autoreload:612] Watching for file changes with StatReloader
2020-08-21 15:45:14,478 INFO     [django.utils.autoreload:236] C:\projects\mysite\config\settings.py changed, reloading.
2020-08-21 15:45:14,478 DEBUG    [asyncio:623] Using proactor: IocpProactor
2020-08-21 15:45:15,899 INFO     [django.utils.autoreload:612] Watching for file changes with StatReloader
2020-08-21 15:45:24,446 INFO     [django.utils.autoreload:236] C:\projects\mysite\config\settings.py changed, reloading.
2020-08-21 15:45:24,447 DEBUG    [asyncio:623] Using proactor: IocpProactor
2020-08-21 15:45:25,842 INFO     [django.utils.autoreload:612] Watching for file changes with StatReloader
2020-08-21 15:45:31,307 INFO     [django.utils.autoreload:236] C:\projects\mysite\config\settings.py changed, reloading.
2020-08-21 15:45:31,310 DEBUG    [asyncio:623] Using proactor: IocpProactor
2020-08-21 15:45:32,734 INFO     [django.utils.autoreload:612] Watching for file changes with StatReloader
2020-08-21 15:45:58,769 INFO     [django.utils.autoreload:236] C:\projects\mysite\config\settings.py changed, reloading.
2020-08-21 15:45:58,769 DEBUG    [asyncio:623] Using proactor: IocpProactor
2020-08-21 15:46:00,187 INFO     [django.utils.autoreload:612] Watching for file changes with StatReloader
2020-08-21 15:46:04,591 INFO     [django.utils.autoreload:236] C:\projects\mysite\config\settings.py changed, reloading.
2020-08-21 15:46:04,592 DEBUG    [asyncio:623] Using proactor: IocpProactor
2020-08-21 15:46:05,960 INFO     [django.utils.autoreload:612] Watching for file changes with StatReloader
2020-08-21 15:46:08,273 INFO     [django.utils.autoreload:236] C:\projects\mysite\config\settings.py changed, reloading.
2020-08-21 15:46:08,273 DEBUG    [asyncio:623] Using proactor: IocpProactor
2020-08-21 15:46:09,642 INFO     [django.utils.autoreload:612] Watching for file changes with StatReloader
2020-08-21 16:04:46,434 INFO     [django.utils.autoreload:236] C:\projects\mysite\config\settings.py changed, reloading.
2020-08-21 16:04:46,436 DEBUG    [asyncio:623] Using proactor: IocpProactor
2020-08-21 16:04:47,927 INFO     [django.utils.autoreload:612] Watching for file changes with StatReloader
2020-08-21 16:06:41,425 INFO     [django.utils.autoreload:236] C:\projects\mysite\pybo\views\base_views.py changed, reloading.
2020-08-21 16:06:41,429 DEBUG    [asyncio:623] Using proactor: IocpProactor
2020-08-21 16:06:42,815 INFO     [django.utils.autoreload:612] Watching for file changes with StatReloader
2020-08-21 16:07:00,754 INFO     [django.utils.autoreload:236] C:\projects\mysite\config\settings.py changed, reloading.
2020-08-21 16:07:00,755 DEBUG    [asyncio:623] Using proactor: IocpProactor
2020-08-21 16:07:02,249 INFO     [django.utils.autoreload:612] Watching for file changes with StatReloader
2020-08-21 16:07:08,788 INFO     [django.utils.autoreload:236] C:\projects\mysite\config\settings.py changed, reloading.
2020-08-21 16:07:08,789 DEBUG    [asyncio:623] Using proactor: IocpProactor
2020-08-21 16:07:10,246 INFO     [django.utils.autoreload:612] Watching for file changes with StatReloader
2020-08-21 16:07:34,280 INFO     [django.utils.autoreload:236] C:\projects\mysite\config\settings.py changed, reloading.
2020-08-21 16:07:34,280 DEBUG    [asyncio:623] Using proactor: IocpProactor
2020-08-21 16:07:35,720 INFO     [django.utils.autoreload:612] Watching for file changes with StatReloader
2020-08-21 16:07:40,086 INFO     [django.utils.autoreload:236] C:\projects\mysite\config\settings.py changed, reloading.
2020-08-21 16:07:40,087 DEBUG    [asyncio:623] Using proactor: IocpProactor
2020-08-21 16:07:41,518 INFO     [django.utils.autoreload:612] Watching for file changes with StatReloader
2020-08-21 16:08:09,701 INFO     [django.utils.autoreload:236] C:\projects\mysite\config\settings.py changed, reloading.
2020-08-21 16:08:09,711 DEBUG    [asyncio:623] Using proactor: IocpProactor
2020-08-21 16:08:11,258 INFO     [django.utils.autoreload:612] Watching for file changes with StatReloader
2020-08-21 16:08:18,827 INFO     [django.utils.autoreload:236] C:\projects\mysite\config\settings.py changed, reloading.
2020-08-21 16:08:18,828 DEBUG    [asyncio:623] Using proactor: IocpProactor
2020-08-21 16:08:20,257 INFO     [django.utils.autoreload:612] Watching for file changes with StatReloader
2020-08-21 16:08:33,962 INFO     [django.utils.autoreload:236] C:\projects\mysite\config\settings.py changed, reloading.
2020-08-21 16:08:33,963 DEBUG    [asyncio:623] Using proactor: IocpProactor
2020-08-21 16:08:35,370 INFO     [django.utils.autoreload:612] Watching for file changes with StatReloader
2020-08-21 16:08:37,787 INFO     [django.utils.autoreload:236] C:\projects\mysite\config\settings.py changed, reloading.
2020-08-21 16:08:37,788 DEBUG    [asyncio:623] Using proactor: IocpProactor
2020-08-21 16:08:39,149 INFO     [django.utils.autoreload:612] Watching for file changes with StatReloader
2020-08-21 16:08:58,161 INFO     [django.utils.autoreload:236] C:\projects\mysite\config\settings.py changed, reloading.
2020-08-21 16:08:58,161 DEBUG    [asyncio:623] Using proactor: IocpProactor
2020-08-21 16:08:58,476 DEBUG    [asyncio:623] Using proactor: IocpProactor
2020-08-21 16:12:18,130 INFO     [django.utils.autoreload:612] Watching for file changes with StatReloader
2020-08-21 16:12:52,704 DEBUG    [asyncio:623] Using proactor: IocpProactor
2020-08-21 16:12:52,742 DEBUG    [asyncio:623] Using proactor: IocpProactor
2020-08-21 16:13:20,162 INFO     [django.utils.autoreload:612] Watching for file changes with StatReloader
2020-08-21 16:13:27,714 ERROR    [django.security.DisallowedHost:88] Invalid HTTP_HOST header: '127.0.0.1:8000'. You may need to add '127.0.0.1' to ALLOWED_HOSTS.
2020-08-21 16:13:28,354 ERROR    [django.security.DisallowedHost:88] Invalid HTTP_HOST header: '127.0.0.1:8000'. You may need to add '127.0.0.1' to ALLOWED_HOSTS.
2020-08-21 16:13:33,192 DEBUG    [asyncio:623] Using proactor: IocpProactor
2020-08-21 16:13:33,229 DEBUG    [asyncio:623] Using proactor: IocpProactor
2020-08-21 16:13:51,385 INFO     [django.utils.autoreload:612] Watching for file changes with StatReloader
2020-08-21 16:13:59,356 DEBUG    [MARKDOWN:125] Successfully loaded extension "markdown.extensions.nl2br.Nl2BrExtension".
2020-08-21 16:13:59,358 DEBUG    [MARKDOWN:125] Successfully loaded extension "markdown.extensions.fenced_code.FencedCodeExtension".
2020-08-21 16:13:59,361 DEBUG    [MARKDOWN:125] Successfully loaded extension "markdown.extensions.nl2br.Nl2BrExtension".
2020-08-21 16:13:59,362 DEBUG    [MARKDOWN:125] Successfully loaded extension "markdown.extensions.fenced_code.FencedCodeExtension".
2020-08-21 17:18:09,996 DEBUG    [asyncio:623] Using proactor: IocpProactor
2020-08-21 17:18:10,036 DEBUG    [asyncio:623] Using proactor: IocpProactor
2020-08-21 17:18:42,203 INFO     [django.utils.autoreload:612] Watching for file changes with StatReloader
2020-08-21 17:18:50,683 DEBUG    [asyncio:623] Using proactor: IocpProactor
2020-08-21 17:18:50,723 DEBUG    [asyncio:623] Using proactor: IocpProactor
2020-08-21 17:19:11,410 INFO     [django.utils.autoreload:612] Watching for file changes with StatReloader
2020-08-21 17:19:13,017 ERROR    [django.security.DisallowedHost:88] Invalid HTTP_HOST header: '127.0.0.1:8000'. You may need to add '127.0.0.1' to ALLOWED_HOSTS.
2020-08-21 17:19:16,362 DEBUG    [asyncio:623] Using proactor: IocpProactor
2020-08-21 17:19:16,400 DEBUG    [asyncio:623] Using proactor: IocpProactor
2020-08-21 17:19:34,355 INFO     [django.utils.autoreload:612] Watching for file changes with StatReloader
2020-08-21 17:19:36,874 ERROR    [django.security.DisallowedHost:88] Invalid HTTP_HOST header: '127.0.0.1:8000'. You may need to add '127.0.0.1' to ALLOWED_HOSTS.
2020-08-21 17:19:46,851 DEBUG    [asyncio:623] Using proactor: IocpProactor
2020-08-21 17:19:46,890 DEBUG    [asyncio:623] Using proactor: IocpProactor
2020-08-21 17:33:29,999 INFO     [django.utils.autoreload:612] Watching for file changes with StatReloader
2020-08-21 17:33:46,738 DEBUG    [asyncio:623] Using proactor: IocpProactor
2020-08-21 17:33:46,775 DEBUG    [asyncio:623] Using proactor: IocpProactor
